CCS PCM C Compiler, Version 5.015, 5967               20-Ara-22 12:11

               Filename:   C:\Users\Furkan\Desktop\ultrasonicmesafe\ccc\16f877a_ders_11.lst

               ROM used:   1284 words (16%)
                           Largest free fragment is 2048
               RAM used:   18 (5%) at main() level
                           40 (11%) worst case
               Stack used: 5 locations
               Stack size: 8

*
0000:  MOVLW  04
0001:  MOVWF  0A
0002:  GOTO   419
0003:  NOP
.................... #include <16f877a_ders_11.h> 
.................... #include <16F877A.h> 
.................... //////////// Standard Header file for the PIC16F877A device //////////////// 
.................... /////////////////////////////////////////////////////////////////////////// 
.................... ////        (C) Copyright 1996, 2013 Custom Computer Services          //// 
.................... //// This source code may only be used by licensed users of the CCS C  //// 
.................... //// compiler.  This source code may only be distributed to other      //// 
.................... //// licensed users of the CCS C compiler.  No other use, reproduction //// 
.................... //// or distribution is permitted without written permission.          //// 
.................... //// Derivative programs created using this software in object code    //// 
.................... //// form are not restricted in any way.                               //// 
.................... /////////////////////////////////////////////////////////////////////////// 
.................... #device PIC16F877A 
0004:  DATA 0C,22
0005:  DATA E9,35
0006:  DATA EB,30
0007:  DATA F4,10
0008:  DATA A0,1E
0009:  DATA 25,33
000A:  DATA E3,36
000B:  DATA 00,00
000C:  DATA 0C,10
000D:  DATA ED,32
000E:  DATA F3,30
000F:  DATA E6,32
0010:  DATA BD,12
0011:  DATA E6,31
0012:  DATA 6D,00
*
00B8:  MOVLW  8E
00B9:  MOVWF  77
00BA:  MOVF   2A,W
00BB:  MOVWF  78
00BC:  MOVF   29,W
00BD:  MOVWF  79
00BE:  CLRF   7A
00BF:  MOVF   78,F
00C0:  BTFSS  03.2
00C1:  GOTO   0CC
00C2:  MOVF   79,W
00C3:  MOVWF  78
00C4:  CLRF   79
00C5:  MOVLW  08
00C6:  SUBWF  77,F
00C7:  MOVF   78,F
00C8:  BTFSS  03.2
00C9:  GOTO   0CC
00CA:  CLRF   77
00CB:  GOTO   0D4
00CC:  BCF    03.0
00CD:  BTFSC  78.7
00CE:  GOTO   0D3
00CF:  RLF    79,F
00D0:  RLF    78,F
00D1:  DECF   77,F
00D2:  GOTO   0CC
00D3:  BCF    78.7
00D4:  BCF    0A.3
00D5:  BCF    0A.4
00D6:  GOTO   460 (RETURN)
00D7:  MOVF   2D,W
00D8:  BTFSC  03.2
00D9:  GOTO   19C
00DA:  MOVWF  39
00DB:  MOVF   31,W
00DC:  BTFSC  03.2
00DD:  GOTO   19C
00DE:  SUBWF  39,F
00DF:  BTFSS  03.0
00E0:  GOTO   0E6
00E1:  MOVLW  7F
00E2:  ADDWF  39,F
00E3:  BTFSC  03.0
00E4:  GOTO   19C
00E5:  GOTO   0EC
00E6:  MOVLW  81
00E7:  SUBWF  39,F
00E8:  BTFSS  03.0
00E9:  GOTO   19C
00EA:  BTFSC  03.2
00EB:  GOTO   19C
00EC:  MOVF   39,W
00ED:  MOVWF  77
00EE:  CLRF   78
00EF:  CLRF   79
00F0:  CLRF   7A
00F1:  CLRF   38
00F2:  MOVF   2E,W
00F3:  MOVWF  37
00F4:  BSF    37.7
00F5:  MOVF   2F,W
00F6:  MOVWF  36
00F7:  MOVF   30,W
00F8:  MOVWF  35
00F9:  MOVLW  19
00FA:  MOVWF  39
00FB:  MOVF   34,W
00FC:  SUBWF  35,F
00FD:  BTFSC  03.0
00FE:  GOTO   10F
00FF:  MOVLW  01
0100:  SUBWF  36,F
0101:  BTFSC  03.0
0102:  GOTO   10F
0103:  SUBWF  37,F
0104:  BTFSC  03.0
0105:  GOTO   10F
0106:  SUBWF  38,F
0107:  BTFSC  03.0
0108:  GOTO   10F
0109:  INCF   38,F
010A:  INCF   37,F
010B:  INCF   36,F
010C:  MOVF   34,W
010D:  ADDWF  35,F
010E:  GOTO   141
010F:  MOVF   33,W
0110:  SUBWF  36,F
0111:  BTFSC  03.0
0112:  GOTO   12A
0113:  MOVLW  01
0114:  SUBWF  37,F
0115:  BTFSC  03.0
0116:  GOTO   12A
0117:  SUBWF  38,F
0118:  BTFSC  03.0
0119:  GOTO   12A
011A:  INCF   38,F
011B:  INCF   37,F
011C:  MOVF   33,W
011D:  ADDWF  36,F
011E:  MOVF   34,W
011F:  ADDWF  35,F
0120:  BTFSS  03.0
0121:  GOTO   141
0122:  INCF   36,F
0123:  BTFSS  03.2
0124:  GOTO   141
0125:  INCF   37,F
0126:  BTFSS  03.2
0127:  GOTO   141
0128:  INCF   38,F
0129:  GOTO   141
012A:  MOVF   32,W
012B:  IORLW  80
012C:  SUBWF  37,F
012D:  BTFSC  03.0
012E:  GOTO   140
012F:  MOVLW  01
0130:  SUBWF  38,F
0131:  BTFSC  03.0
0132:  GOTO   140
0133:  INCF   38,F
0134:  MOVF   32,W
0135:  IORLW  80
0136:  ADDWF  37,F
0137:  MOVF   33,W
0138:  ADDWF  36,F
0139:  BTFSS  03.0
013A:  GOTO   11E
013B:  INCF   37,F
013C:  BTFSS  03.2
013D:  GOTO   11E
013E:  INCF   38,F
013F:  GOTO   11E
0140:  BSF    7A.0
0141:  DECFSZ 39,F
0142:  GOTO   144
0143:  GOTO   14F
0144:  BCF    03.0
0145:  RLF    35,F
0146:  RLF    36,F
0147:  RLF    37,F
0148:  RLF    38,F
0149:  BCF    03.0
014A:  RLF    7A,F
014B:  RLF    79,F
014C:  RLF    78,F
014D:  RLF    3A,F
014E:  GOTO   0FB
014F:  BTFSS  3A.0
0150:  GOTO   157
0151:  BCF    03.0
0152:  RRF    78,F
0153:  RRF    79,F
0154:  RRF    7A,F
0155:  RRF    3A,F
0156:  GOTO   15A
0157:  DECF   77,F
0158:  BTFSC  03.2
0159:  GOTO   19C
015A:  BTFSC  3A.7
015B:  GOTO   183
015C:  BCF    03.0
015D:  RLF    35,F
015E:  RLF    36,F
015F:  RLF    37,F
0160:  RLF    38,F
0161:  MOVF   34,W
0162:  SUBWF  35,F
0163:  BTFSC  03.0
0164:  GOTO   16F
0165:  MOVLW  01
0166:  SUBWF  36,F
0167:  BTFSC  03.0
0168:  GOTO   16F
0169:  SUBWF  37,F
016A:  BTFSC  03.0
016B:  GOTO   16F
016C:  SUBWF  38,F
016D:  BTFSS  03.0
016E:  GOTO   192
016F:  MOVF   33,W
0170:  SUBWF  36,F
0171:  BTFSC  03.0
0172:  GOTO   17A
0173:  MOVLW  01
0174:  SUBWF  37,F
0175:  BTFSC  03.0
0176:  GOTO   17A
0177:  SUBWF  38,F
0178:  BTFSS  03.0
0179:  GOTO   192
017A:  MOVF   32,W
017B:  IORLW  80
017C:  SUBWF  37,F
017D:  BTFSC  03.0
017E:  GOTO   183
017F:  MOVLW  01
0180:  SUBWF  38,F
0181:  BTFSS  03.0
0182:  GOTO   192
0183:  INCF   7A,F
0184:  BTFSS  03.2
0185:  GOTO   192
0186:  INCF   79,F
0187:  BTFSS  03.2
0188:  GOTO   192
0189:  INCF   78,F
018A:  BTFSS  03.2
018B:  GOTO   192
018C:  INCF   77,F
018D:  BTFSC  03.2
018E:  GOTO   19C
018F:  RRF    78,F
0190:  RRF    79,F
0191:  RRF    7A,F
0192:  MOVF   2E,W
0193:  MOVWF  39
0194:  MOVF   32,W
0195:  XORWF  39,F
0196:  BTFSS  39.7
0197:  GOTO   19A
0198:  BSF    78.7
0199:  GOTO   1A0
019A:  BCF    78.7
019B:  GOTO   1A0
019C:  CLRF   77
019D:  CLRF   78
019E:  CLRF   79
019F:  CLRF   7A
01A0:  RETURN
*
01B3:  MOVF   2A,W
01B4:  MOVWF  31
01B5:  MOVF   2E,W
01B6:  XORWF  31,F
01B7:  BTFSS  31.7
01B8:  GOTO   1BE
01B9:  BCF    03.2
01BA:  BCF    03.0
01BB:  BTFSC  2A.7
01BC:  BSF    03.0
01BD:  GOTO   1F1
01BE:  MOVF   2A,W
01BF:  MOVWF  31
01C0:  MOVF   2D,W
01C1:  MOVWF  32
01C2:  MOVF   29,W
01C3:  SUBWF  32,F
01C4:  BTFSC  03.2
01C5:  GOTO   1CC
01C6:  BTFSS  31.7
01C7:  GOTO   1F1
01C8:  MOVF   03,W
01C9:  XORLW  01
01CA:  MOVWF  03
01CB:  GOTO   1F1
01CC:  MOVF   2E,W
01CD:  MOVWF  32
01CE:  MOVF   2A,W
01CF:  SUBWF  32,F
01D0:  BTFSC  03.2
01D1:  GOTO   1D8
01D2:  BTFSS  31.7
01D3:  GOTO   1F1
01D4:  MOVF   03,W
01D5:  XORLW  01
01D6:  MOVWF  03
01D7:  GOTO   1F1
01D8:  MOVF   2F,W
01D9:  MOVWF  32
01DA:  MOVF   2B,W
01DB:  SUBWF  32,F
01DC:  BTFSC  03.2
01DD:  GOTO   1E4
01DE:  BTFSS  31.7
01DF:  GOTO   1F1
01E0:  MOVF   03,W
01E1:  XORLW  01
01E2:  MOVWF  03
01E3:  GOTO   1F1
01E4:  MOVF   30,W
01E5:  MOVWF  32
01E6:  MOVF   2C,W
01E7:  SUBWF  32,F
01E8:  BTFSC  03.2
01E9:  GOTO   1F0
01EA:  BTFSS  31.7
01EB:  GOTO   1F1
01EC:  MOVF   03,W
01ED:  XORLW  01
01EE:  MOVWF  03
01EF:  GOTO   1F1
01F0:  BCF    03.0
01F1:  BCF    0A.3
01F2:  BCF    0A.4
01F3:  GOTO   4A9 (RETURN)
*
0220:  MOVF   0B,W
0221:  MOVWF  2A
0222:  BCF    0B.7
0223:  BSF    03.5
0224:  BSF    03.6
0225:  BSF    0C.7
0226:  BSF    0C.0
0227:  NOP
0228:  NOP
0229:  BCF    03.5
022A:  BCF    03.6
022B:  BTFSC  2A.7
022C:  BSF    0B.7
022D:  BTFSC  03.0
022E:  GOTO   257
022F:  BSF    03.6
0230:  MOVF   0C,W
0231:  ANDLW  7F
0232:  BCF    03.6
0233:  MOVWF  2A
0234:  BSF    03.6
0235:  MOVF   0D,W
0236:  BCF    03.6
0237:  MOVWF  2B
0238:  BSF    03.6
0239:  MOVF   0F,W
023A:  BCF    03.6
023B:  MOVWF  2C
023C:  MOVF   2A,W
023D:  MOVWF  36
023E:  CALL   1F4
023F:  MOVF   2B,W
0240:  BSF    03.6
0241:  MOVWF  0D
0242:  BCF    03.6
0243:  MOVF   2C,W
0244:  BSF    03.6
0245:  MOVWF  0F
0246:  BCF    03.6
0247:  MOVF   0B,W
0248:  MOVWF  2D
0249:  BCF    0B.7
024A:  BSF    03.5
024B:  BSF    03.6
024C:  BSF    0C.7
024D:  BSF    0C.0
024E:  NOP
024F:  NOP
0250:  BCF    03.5
0251:  BCF    03.6
0252:  BTFSC  2D.7
0253:  BSF    0B.7
0254:  DECFSZ 29,F
0255:  GOTO   257
0256:  GOTO   276
0257:  BSF    03.6
0258:  RLF    0C,W
0259:  RLF    0E,W
025A:  ANDLW  7F
025B:  BCF    03.6
025C:  MOVWF  2A
025D:  BSF    03.6
025E:  MOVF   0D,W
025F:  BCF    03.6
0260:  MOVWF  2B
0261:  BSF    03.6
0262:  MOVF   0F,W
0263:  BCF    03.6
0264:  MOVWF  2C
0265:  MOVF   2A,W
0266:  MOVWF  36
0267:  CALL   1F4
0268:  MOVF   2B,W
0269:  BSF    03.6
026A:  MOVWF  0D
026B:  BCF    03.6
026C:  MOVF   2C,W
026D:  BSF    03.6
026E:  MOVWF  0F
026F:  INCF   0D,F
0270:  BTFSC  03.2
0271:  INCF   0F,F
0272:  BCF    03.0
0273:  BCF    03.6
0274:  DECFSZ 29,F
0275:  GOTO   220
0276:  RETURN
0277:  BTFSC  03.1
0278:  GOTO   27C
0279:  MOVLW  3E
027A:  MOVWF  04
027B:  BCF    03.7
027C:  CLRF   77
027D:  CLRF   78
027E:  CLRF   79
027F:  CLRF   7A
0280:  CLRF   3E
0281:  CLRF   3F
0282:  CLRF   40
0283:  CLRF   41
0284:  MOVF   3D,W
0285:  IORWF  3C,W
0286:  IORWF  3B,W
0287:  IORWF  3A,W
0288:  BTFSC  03.2
0289:  GOTO   2BA
028A:  MOVLW  20
028B:  MOVWF  42
028C:  BCF    03.0
028D:  RLF    36,F
028E:  RLF    37,F
028F:  RLF    38,F
0290:  RLF    39,F
0291:  RLF    3E,F
0292:  RLF    3F,F
0293:  RLF    40,F
0294:  RLF    41,F
0295:  MOVF   3D,W
0296:  SUBWF  41,W
0297:  BTFSS  03.2
0298:  GOTO   2A3
0299:  MOVF   3C,W
029A:  SUBWF  40,W
029B:  BTFSS  03.2
029C:  GOTO   2A3
029D:  MOVF   3B,W
029E:  SUBWF  3F,W
029F:  BTFSS  03.2
02A0:  GOTO   2A3
02A1:  MOVF   3A,W
02A2:  SUBWF  3E,W
02A3:  BTFSS  03.0
02A4:  GOTO   2B4
02A5:  MOVF   3A,W
02A6:  SUBWF  3E,F
02A7:  MOVF   3B,W
02A8:  BTFSS  03.0
02A9:  INCFSZ 3B,W
02AA:  SUBWF  3F,F
02AB:  MOVF   3C,W
02AC:  BTFSS  03.0
02AD:  INCFSZ 3C,W
02AE:  SUBWF  40,F
02AF:  MOVF   3D,W
02B0:  BTFSS  03.0
02B1:  INCFSZ 3D,W
02B2:  SUBWF  41,F
02B3:  BSF    03.0
02B4:  RLF    77,F
02B5:  RLF    78,F
02B6:  RLF    79,F
02B7:  RLF    7A,F
02B8:  DECFSZ 42,F
02B9:  GOTO   28C
02BA:  MOVF   3E,W
02BB:  MOVWF  00
02BC:  INCF   04,F
02BD:  MOVF   3F,W
02BE:  MOVWF  00
02BF:  INCF   04,F
02C0:  MOVF   40,W
02C1:  MOVWF  00
02C2:  INCF   04,F
02C3:  MOVF   41,W
02C4:  MOVWF  00
02C5:  RETURN
02C6:  MOVF   04,W
02C7:  MOVWF  2E
02C8:  MOVF   2D,W
02C9:  MOVWF  30
02CA:  BTFSC  03.2
02CB:  GOTO   358
02CC:  MOVF   2C,W
02CD:  MOVWF  39
02CE:  MOVF   2B,W
02CF:  MOVWF  38
02D0:  MOVF   2A,W
02D1:  MOVWF  37
02D2:  MOVF   29,W
02D3:  MOVWF  36
02D4:  CLRF   3D
02D5:  CLRF   3C
02D6:  MOVLW  20
02D7:  MOVWF  3B
02D8:  MOVLW  82
02D9:  MOVWF  3A
02DA:  MOVF   36,W
02DB:  BTFSC  03.2
02DC:  GOTO   34A
02DD:  MOVWF  3E
02DE:  MOVF   3A,W
02DF:  BTFSC  03.2
02E0:  GOTO   34A
02E1:  ADDWF  3E,F
02E2:  BTFSC  03.0
02E3:  GOTO   2EB
02E4:  MOVLW  7F
02E5:  SUBWF  3E,F
02E6:  BTFSS  03.0
02E7:  GOTO   34A
02E8:  BTFSC  03.2
02E9:  GOTO   34A
02EA:  GOTO   2EF
02EB:  MOVLW  81
02EC:  ADDWF  3E,F
02ED:  BTFSC  03.0
02EE:  GOTO   34A
02EF:  MOVF   3E,W
02F0:  MOVWF  77
02F1:  CLRF   78
02F2:  CLRF   79
02F3:  CLRF   7A
02F4:  MOVF   37,W
02F5:  MOVWF  42
02F6:  BSF    42.7
02F7:  MOVF   38,W
02F8:  MOVWF  41
02F9:  MOVF   39,W
02FA:  MOVWF  40
02FB:  MOVLW  18
02FC:  MOVWF  3E
02FD:  CLRF   3F
02FE:  BTFSS  40.0
02FF:  GOTO   318
0300:  MOVF   3D,W
0301:  ADDWF  7A,F
0302:  BTFSS  03.0
0303:  GOTO   30A
0304:  INCF   79,F
0305:  BTFSS  03.2
0306:  GOTO   30A
0307:  INCF   78,F
0308:  BTFSC  03.2
0309:  BSF    3F.7
030A:  MOVF   3C,W
030B:  ADDWF  79,F
030C:  BTFSS  03.0
030D:  GOTO   311
030E:  INCF   78,F
030F:  BTFSC  03.2
0310:  BSF    3F.7
0311:  MOVF   3B,W
0312:  MOVWF  38
0313:  BSF    38.7
0314:  MOVF   38,W
0315:  ADDWF  78,F
0316:  BTFSC  03.0
0317:  BSF    3F.7
0318:  RLF    3F,F
0319:  RRF    78,F
031A:  RRF    79,F
031B:  RRF    7A,F
031C:  RRF    42,F
031D:  RRF    41,F
031E:  RRF    40,F
031F:  BCF    03.0
0320:  DECFSZ 3E,F
0321:  GOTO   2FD
0322:  MOVLW  01
0323:  ADDWF  77,F
0324:  BTFSC  03.0
0325:  GOTO   34A
0326:  BTFSC  78.7
0327:  GOTO   32F
0328:  RLF    42,F
0329:  RLF    7A,F
032A:  RLF    79,F
032B:  RLF    78,F
032C:  DECF   77,F
032D:  BTFSC  03.2
032E:  GOTO   34A
032F:  BTFSS  42.7
0330:  GOTO   340
0331:  INCF   7A,F
0332:  BTFSS  03.2
0333:  GOTO   340
0334:  INCF   79,F
0335:  BTFSS  03.2
0336:  GOTO   340
0337:  INCF   78,F
0338:  BTFSS  03.2
0339:  GOTO   340
033A:  RRF    78,F
033B:  RRF    79,F
033C:  RRF    7A,F
033D:  INCF   77,F
033E:  BTFSC  03.2
033F:  GOTO   34A
0340:  MOVF   37,W
0341:  MOVWF  3F
0342:  MOVF   3B,W
0343:  XORWF  3F,F
0344:  BTFSS  3F.7
0345:  GOTO   348
0346:  BSF    78.7
0347:  GOTO   34E
0348:  BCF    78.7
0349:  GOTO   34E
034A:  CLRF   77
034B:  CLRF   78
034C:  CLRF   79
034D:  CLRF   7A
034E:  MOVF   7A,W
034F:  MOVWF  2C
0350:  MOVF   79,W
0351:  MOVWF  2B
0352:  MOVF   78,W
0353:  MOVWF  2A
0354:  MOVF   77,W
0355:  MOVWF  29
0356:  DECFSZ 30,F
0357:  GOTO   2CC
0358:  MOVF   2C,W
0359:  MOVWF  39
035A:  MOVF   2B,W
035B:  MOVWF  38
035C:  MOVF   2A,W
035D:  MOVWF  37
035E:  MOVF   29,W
035F:  MOVWF  36
0360:  MOVF   36,W
0361:  SUBLW  B6
0362:  MOVWF  36
0363:  CLRF   7A
0364:  MOVF   37,W
0365:  MOVWF  3A
0366:  BSF    37.7
0367:  BCF    03.0
0368:  RRF    37,F
0369:  RRF    38,F
036A:  RRF    39,F
036B:  RRF    7A,F
036C:  RRF    79,F
036D:  RRF    78,F
036E:  RRF    77,F
036F:  DECFSZ 36,F
0370:  GOTO   367
0371:  BTFSS  3A.7
0372:  GOTO   37E
0373:  COMF   77,F
0374:  COMF   78,F
0375:  COMF   79,F
0376:  COMF   7A,F
0377:  INCF   77,F
0378:  BTFSC  03.2
0379:  INCF   78,F
037A:  BTFSC  03.2
037B:  INCF   79,F
037C:  BTFSC  03.2
037D:  INCF   7A,F
037E:  MOVF   7A,W
037F:  MOVWF  2C
0380:  MOVF   79,W
0381:  MOVWF  2B
0382:  MOVF   78,W
0383:  MOVWF  2A
0384:  MOVF   77,W
0385:  MOVWF  29
0386:  BTFSS  2C.7
0387:  GOTO   395
0388:  DECF   2E,F
0389:  BSF    2E.5
038A:  COMF   29,F
038B:  COMF   2A,F
038C:  COMF   2B,F
038D:  COMF   2C,F
038E:  INCF   29,F
038F:  BTFSC  03.2
0390:  INCF   2A,F
0391:  BTFSC  03.2
0392:  INCF   2B,F
0393:  BTFSC  03.2
0394:  INCF   2C,F
0395:  MOVLW  3B
0396:  MOVWF  35
0397:  MOVLW  9A
0398:  MOVWF  34
0399:  MOVLW  CA
039A:  MOVWF  33
039B:  CLRF   32
039C:  MOVLW  0A
039D:  MOVWF  30
039E:  MOVF   2D,W
039F:  BTFSC  03.2
03A0:  INCF   2E,F
03A1:  BSF    03.1
03A2:  MOVLW  29
03A3:  MOVWF  04
03A4:  BCF    03.7
03A5:  MOVF   2C,W
03A6:  MOVWF  39
03A7:  MOVF   2B,W
03A8:  MOVWF  38
03A9:  MOVF   2A,W
03AA:  MOVWF  37
03AB:  MOVF   29,W
03AC:  MOVWF  36
03AD:  MOVF   35,W
03AE:  MOVWF  3D
03AF:  MOVF   34,W
03B0:  MOVWF  3C
03B1:  MOVF   33,W
03B2:  MOVWF  3B
03B3:  MOVF   32,W
03B4:  MOVWF  3A
03B5:  CALL   277
03B6:  MOVF   78,W
03B7:  MOVF   77,F
03B8:  BTFSS  03.2
03B9:  GOTO   3CD
03BA:  INCF   2D,W
03BB:  SUBWF  30,W
03BC:  BTFSC  03.2
03BD:  GOTO   3CD
03BE:  MOVF   2E,W
03BF:  BTFSC  03.2
03C0:  GOTO   3CF
03C1:  ANDLW  0F
03C2:  SUBWF  30,W
03C3:  BTFSC  03.2
03C4:  GOTO   3C7
03C5:  BTFSC  03.0
03C6:  GOTO   3FF
03C7:  BTFSC  2E.7
03C8:  GOTO   3FF
03C9:  BTFSC  2E.6
03CA:  GOTO   3CF
03CB:  MOVLW  20
03CC:  GOTO   3FB
03CD:  MOVLW  20
03CE:  ANDWF  2E,F
03CF:  BTFSS  2E.5
03D0:  GOTO   3DD
03D1:  BCF    2E.5
03D2:  MOVF   2D,W
03D3:  BTFSS  03.2
03D4:  DECF   2E,F
03D5:  MOVF   77,W
03D6:  MOVWF  2E
03D7:  MOVLW  2D
03D8:  MOVWF  36
03D9:  CALL   1F4
03DA:  MOVF   2E,W
03DB:  MOVWF  77
03DC:  CLRF   2E
03DD:  MOVF   2D,W
03DE:  SUBWF  30,W
03DF:  BTFSS  03.2
03E0:  GOTO   3EB
03E1:  MOVF   77,W
03E2:  MOVWF  2E
03E3:  MOVLW  2E
03E4:  MOVWF  36
03E5:  CALL   1F4
03E6:  MOVF   2E,W
03E7:  MOVWF  77
03E8:  MOVLW  20
03E9:  ANDWF  2E,F
03EA:  MOVLW  00
03EB:  MOVLW  30
03EC:  BTFSS  2E.5
03ED:  GOTO   3FB
03EE:  BCF    2E.5
03EF:  MOVF   2D,W
03F0:  BTFSS  03.2
03F1:  DECF   2E,F
03F2:  MOVF   77,W
03F3:  MOVWF  2E
03F4:  MOVLW  2D
03F5:  MOVWF  36
03F6:  CALL   1F4
03F7:  MOVF   2E,W
03F8:  MOVWF  77
03F9:  CLRF   2E
03FA:  MOVLW  30
03FB:  ADDWF  77,F
03FC:  MOVF   77,W
03FD:  MOVWF  36
03FE:  CALL   1F4
03FF:  BCF    03.1
0400:  MOVF   35,W
0401:  MOVWF  39
0402:  MOVF   34,W
0403:  MOVWF  38
0404:  MOVF   33,W
0405:  MOVWF  37
0406:  MOVF   32,W
0407:  MOVWF  36
0408:  CLRF   3D
0409:  CLRF   3C
040A:  CLRF   3B
040B:  MOVLW  0A
040C:  MOVWF  3A
040D:  CALL   277
040E:  MOVF   7A,W
040F:  MOVWF  35
0410:  MOVF   79,W
0411:  MOVWF  34
0412:  MOVF   78,W
0413:  MOVWF  33
0414:  MOVF   77,W
0415:  MOVWF  32
0416:  DECFSZ 30,F
0417:  GOTO   3A1
0418:  RETURN
....................  
.................... #list 
....................  
.................... #device ADC=16 
....................  
.................... #FUSES NOWDT                 	//No Watch Dog Timer 
.................... #FUSES NOBROWNOUT            	//No brownout reset 
.................... #FUSES NOLVP                 	//No low voltage prgming, B3(PIC16) or B5(PIC18) used for I/O 
....................  
.................... #use delay(crystal=4000000) 
....................  
....................  
.................... #use delay(clock=4Mhz) 
*
0013:  MOVLW  37
0014:  MOVWF  04
0015:  BCF    03.7
0016:  MOVF   00,W
0017:  BTFSC  03.2
0018:  GOTO   027
0019:  MOVLW  01
001A:  MOVWF  78
001B:  CLRF   77
001C:  DECFSZ 77,F
001D:  GOTO   01C
001E:  DECFSZ 78,F
001F:  GOTO   01B
0020:  MOVLW  4A
0021:  MOVWF  77
0022:  DECFSZ 77,F
0023:  GOTO   022
0024:  GOTO   025
0025:  DECFSZ 00,F
0026:  GOTO   019
0027:  RETURN
.................... #fuses XT,NOWDT 
.................... #include <lcd.c> 
.................... /////////////////////////////////////////////////////////////////////////////// 
.................... ////                             LCD.C                                     //// 
.................... ////                 Driver for common LCD modules                         //// 
.................... ////                                                                       //// 
.................... ////  lcd_init()   Must be called before any other function.               //// 
.................... ////                                                                       //// 
.................... ////  lcd_putc(c)  Will display c on the next position of the LCD.         //// 
.................... ////                 \a  Set cursor position to upper left                 //// 
.................... ////                 \f  Clear display, set cursor to upper left           //// 
.................... ////                 \n  Go to start of second line                        //// 
.................... ////                 \b  Move back one position                            //// 
.................... ////              If LCD_EXTENDED_NEWLINE is defined, the \n character     //// 
.................... ////              will erase all remanining characters on the current      //// 
.................... ////              line, and move the cursor to the beginning of the next   //// 
.................... ////              line.                                                    //// 
.................... ////              If LCD_EXTENDED_NEWLINE is defined, the \r character     //// 
.................... ////              will move the cursor to the start of the current         //// 
.................... ////              line.                                                    //// 
.................... ////                                                                       //// 
.................... ////  lcd_gotoxy(x,y) Set write position on LCD (upper left is 1,1)        //// 
.................... ////                                                                       //// 
.................... ////  lcd_getc(x,y)   Returns character at position x,y on LCD             //// 
.................... ////                                                                       //// 
.................... ////  lcd_cursor_on(int1 on)   Turn the cursor on (on=TRUE) or off         //// 
.................... ////              (on=FALSE).                                              //// 
.................... ////                                                                       //// 
.................... ////  lcd_set_cgram_char(w, *p)   Write a custom character to the CGRAM.   //// 
.................... ////                                                                       //// 
.................... ////                                                                       //// 
.................... ////  CONFIGURATION                                                        //// 
.................... ////  The LCD can be configured in one of two ways: a.) port access or     //// 
.................... ////  b.) pin access.  Port access requires the entire 7 bit interface     //// 
.................... ////  connected to one GPIO port, and the data bits (D4:D7 of the LCD)     //// 
.................... ////  connected to sequential pins on the GPIO.  Pin access                //// 
.................... ////  has no requirements, all 7 bits of the control interface can         //// 
.................... ////  can be connected to any GPIO using several ports.                    //// 
.................... ////                                                                       //// 
.................... ////  To use port access, #define LCD_DATA_PORT to the SFR location of     //// 
.................... ////  of the GPIO port that holds the interface, -AND- edit LCD_PIN_MAP    //// 
.................... ////  of this file to configure the pin order.  If you are using a         //// 
.................... ////  baseline PIC (PCB), then LCD_OUTPUT_MAP and LCD_INPUT_MAP also must  //// 
.................... ////  be defined.                                                          //// 
.................... ////                                                                       //// 
.................... ////  Example of port access:                                              //// 
.................... ////     #define LCD_DATA_PORT getenv("SFR:PORTD")                         //// 
.................... ////                                                                       //// 
.................... ////  To use pin access, the following pins must be defined:               //// 
.................... ////     LCD_ENABLE_PIN                                                    //// 
.................... ////     LCD_RS_PIN                                                        //// 
.................... ////     LCD_RW_PIN                                                        //// 
.................... ////     LCD_DATA4                                                         //// 
.................... ////     LCD_DATA5                                                         //// 
.................... ////     LCD_DATA6                                                         //// 
.................... ////     LCD_DATA7                                                         //// 
.................... ////                                                                       //// 
.................... ////  Example of pin access:                                               //// 
.................... ////     #define LCD_ENABLE_PIN  PIN_E0                                    //// 
.................... ////     #define LCD_RS_PIN      PIN_E1                                    //// 
.................... ////     #define LCD_RW_PIN      PIN_E2                                    //// 
.................... ////     #define LCD_DATA4       PIN_D4                                    //// 
.................... ////     #define LCD_DATA5       PIN_D5                                    //// 
.................... ////     #define LCD_DATA6       PIN_D6                                    //// 
.................... ////     #define LCD_DATA7       PIN_D7                                    //// 
.................... ////                                                                       //// 
.................... /////////////////////////////////////////////////////////////////////////////// 
.................... ////        (C) Copyright 1996,2010 Custom Computer Services           //// 
.................... //// This source code may only be used by licensed users of the CCS C  //// 
.................... //// compiler.  This source code may only be distributed to other      //// 
.................... //// licensed users of the CCS C compiler.  No other use, reproduction //// 
.................... //// or distribution is permitted without written permission.          //// 
.................... //// Derivative programs created using this software in object code    //// 
.................... //// form are not restricted in any way.                               //// 
.................... /////////////////////////////////////////////////////////////////////////// 
....................  
.................... #ifndef __LCD_C__ 
.................... #define __LCD_C__ 
....................  
.................... // define the pinout. 
.................... // only required if port access is being used. 
.................... typedef struct   
.................... {                            // This structure is overlayed 
....................    int1 enable;           // on to an I/O port to gain 
....................    int1 rs;               // access to the LCD pins. 
....................    int1 rw;               // The bits are allocated from 
....................    int1 unused;           // low order up.  ENABLE will 
....................    unsigned int     data : 4;         // be LSB pin of that port. 
....................   #if defined(__PCD__)       // The port used will be LCD_DATA_PORT. 
....................    unsigned int    reserved: 8; 
....................   #endif 
.................... } LCD_PIN_MAP; 
....................  
.................... // this is to improve compatability with previous LCD drivers that accepted 
.................... // a define labeled 'use_portb_lcd' that configured the LCD onto port B. 
.................... #if ((defined(use_portb_lcd)) && (use_portb_lcd==TRUE)) 
....................  #define LCD_DATA_PORT getenv("SFR:PORTB") 
.................... #endif 
....................  
.................... #if defined(__PCB__) 
....................    // these definitions only need to be modified for baseline PICs. 
....................    // all other PICs use LCD_PIN_MAP or individual LCD_xxx pin definitions. 
.................... /*                                    EN, RS,   RW,   UNUSED,  DATA  */ 
....................  const LCD_PIN_MAP LCD_OUTPUT_MAP =  {0,  0,    0,    0,       0}; 
....................  const LCD_PIN_MAP LCD_INPUT_MAP =   {0,  0,    0,    0,       0xF}; 
.................... #endif 
....................  
.................... ////////////////////// END CONFIGURATION /////////////////////////////////// 
....................  
.................... #ifndef LCD_ENABLE_PIN 
....................    #define lcd_output_enable(x) lcdlat.enable=x 
....................    #define lcd_enable_tris()   lcdtris.enable=0 
.................... #else 
....................    #define lcd_output_enable(x) output_bit(LCD_ENABLE_PIN, x) 
....................    #define lcd_enable_tris()  output_drive(LCD_ENABLE_PIN) 
.................... #endif 
....................  
.................... #ifndef LCD_RS_PIN 
....................    #define lcd_output_rs(x) lcdlat.rs=x 
....................    #define lcd_rs_tris()   lcdtris.rs=0 
.................... #else 
....................    #define lcd_output_rs(x) output_bit(LCD_RS_PIN, x) 
....................    #define lcd_rs_tris()  output_drive(LCD_RS_PIN) 
.................... #endif 
....................  
.................... #ifndef LCD_RW_PIN 
....................    #define lcd_output_rw(x) lcdlat.rw=x 
....................    #define lcd_rw_tris()   lcdtris.rw=0 
.................... #else 
....................    #define lcd_output_rw(x) output_bit(LCD_RW_PIN, x) 
....................    #define lcd_rw_tris()  output_drive(LCD_RW_PIN) 
.................... #endif 
....................  
.................... // original version of this library incorrectly labeled LCD_DATA0 as LCD_DATA4, 
.................... // LCD_DATA1 as LCD_DATA5, and so on.  this block of code makes the driver 
.................... // compatible with any code written for the original library 
.................... #if (defined(LCD_DATA0) && defined(LCD_DATA1) && defined(LCD_DATA2) && defined(LCD_DATA3) && !defined(LCD_DATA4) && !defined(LCD_DATA5) && !defined(LCD_DATA6) && !defined(LCD_DATA7)) 
....................    #define  LCD_DATA4    LCD_DATA0 
....................    #define  LCD_DATA5    LCD_DATA1 
....................    #define  LCD_DATA6    LCD_DATA2 
....................    #define  LCD_DATA7    LCD_DATA3 
.................... #endif 
....................  
.................... #ifndef LCD_DATA4 
.................... #ifndef LCD_DATA_PORT 
....................    #if defined(__PCB__) 
....................       #define LCD_DATA_PORT      0x06     //portb 
....................       #define set_tris_lcd(x)   set_tris_b(x) 
....................    #else 
....................      #if defined(PIN_D0) 
....................       #define LCD_DATA_PORT      getenv("SFR:PORTD")     //portd 
....................      #else 
....................       #define LCD_DATA_PORT      getenv("SFR:PORTB")     //portb 
....................      #endif 
....................    #endif    
.................... #endif 
....................  
.................... #if defined(__PCB__) 
....................    LCD_PIN_MAP lcd, lcdlat; 
....................    #byte lcd = LCD_DATA_PORT 
....................    #byte lcdlat = LCD_DATA_PORT 
.................... #elif defined(__PCM__) 
....................    LCD_PIN_MAP lcd, lcdlat, lcdtris; 
....................    #byte lcd = LCD_DATA_PORT 
....................    #byte lcdlat = LCD_DATA_PORT 
....................    #byte lcdtris = LCD_DATA_PORT+0x80 
.................... #elif defined(__PCH__) 
....................    LCD_PIN_MAP lcd, lcdlat, lcdtris; 
....................    #byte lcd = LCD_DATA_PORT 
....................    #byte lcdlat = LCD_DATA_PORT+9 
....................    #byte lcdtris = LCD_DATA_PORT+0x12 
.................... #elif defined(__PCD__) 
....................    LCD_PIN_MAP lcd, lcdlat, lcdtris; 
....................    #word lcd = LCD_DATA_PORT 
....................    #word lcdlat = LCD_DATA_PORT+2 
....................    #word lcdtris = LCD_DATA_PORT-0x02 
.................... #endif 
.................... #endif   //LCD_DATA4 not defined 
....................  
.................... #ifndef LCD_TYPE 
....................    #define LCD_TYPE 2           // 0=5x7, 1=5x10, 2=2 lines 
.................... #endif 
....................  
.................... #ifndef LCD_LINE_TWO 
....................    #define LCD_LINE_TWO 0x40    // LCD RAM address for the second line 
.................... #endif 
....................  
.................... #ifndef LCD_LINE_LENGTH 
....................    #define LCD_LINE_LENGTH 20 
.................... #endif 
....................  
.................... unsigned int8 lcd_read_nibble(void); 
....................  
.................... unsigned int8 lcd_read_byte(void) 
.................... { 
....................    unsigned int8 low,high; 
....................  
....................  #if defined(__PCB__) 
....................    set_tris_lcd(LCD_INPUT_MAP); 
....................  #else 
....................   #if (defined(LCD_DATA4) && defined(LCD_DATA5) && defined(LCD_DATA6) && defined(LCD_DATA7)) 
....................    output_float(LCD_DATA4); 
....................    output_float(LCD_DATA5); 
....................    output_float(LCD_DATA6); 
....................    output_float(LCD_DATA7); 
....................   #else 
....................    lcdtris.data = 0xF; 
*
0040:  MOVLW  0F
0041:  BSF    03.5
0042:  ANDWF  08,W
0043:  IORLW  F0
0044:  MOVWF  08
....................   #endif 
....................  #endif 
....................          
....................    lcd_output_rw(1); 
0045:  BCF    03.5
0046:  BSF    08.2
....................    delay_cycles(1); 
0047:  NOP
....................    lcd_output_enable(1); 
0048:  BSF    08.0
....................    delay_cycles(1); 
0049:  NOP
....................    high = lcd_read_nibble(); 
004A:  CALL   034
004B:  MOVF   78,W
004C:  MOVWF  3E
....................        
....................    lcd_output_enable(0); 
004D:  BCF    08.0
....................    delay_cycles(1); 
004E:  NOP
....................    lcd_output_enable(1); 
004F:  BSF    08.0
....................    delay_us(1); 
0050:  NOP
....................    low = lcd_read_nibble(); 
0051:  CALL   034
0052:  MOVF   78,W
0053:  MOVWF  3D
....................        
....................    lcd_output_enable(0); 
0054:  BCF    08.0
....................  
....................  #if defined(__PCB__) 
....................    set_tris_lcd(LCD_OUTPUT_MAP); 
....................  #else 
....................   #if (defined(LCD_DATA4) && defined(LCD_DATA5) && defined(LCD_DATA6) && defined(LCD_DATA7)) 
....................    output_drive(LCD_DATA4); 
....................    output_drive(LCD_DATA5); 
....................    output_drive(LCD_DATA6); 
....................    output_drive(LCD_DATA7); 
....................   #else 
....................    lcdtris.data = 0x0; 
0055:  MOVLW  0F
0056:  BSF    03.5
0057:  ANDWF  08,W
0058:  MOVWF  08
....................   #endif 
....................  #endif 
....................  
....................    return( (high<<4) | low); 
0059:  BCF    03.5
005A:  SWAPF  3E,W
005B:  MOVWF  77
005C:  MOVLW  F0
005D:  ANDWF  77,F
005E:  MOVF   77,W
005F:  IORWF  3D,W
0060:  MOVWF  78
.................... } 
....................  
.................... unsigned int8 lcd_read_nibble(void) 
.................... { 
....................   #if (defined(LCD_DATA4) && defined(LCD_DATA5) && defined(LCD_DATA6) && defined(LCD_DATA7)) 
....................    unsigned int8 n = 0x00; 
....................  
....................    /* Read the data port */ 
....................    n |= input(LCD_DATA4); 
....................    n |= input(LCD_DATA5) << 1; 
....................    n |= input(LCD_DATA6) << 2; 
....................    n |= input(LCD_DATA7) << 3; 
....................     
....................    return(n); 
....................   #else 
....................    return(lcd.data); 
*
0034:  MOVF   08,W
0035:  MOVWF  77
0036:  SWAPF  08,W
0037:  ANDLW  0F
0038:  MOVWF  78
....................   #endif 
0039:  RETURN
.................... } 
....................  
.................... void lcd_send_nibble(unsigned int8 n) 
.................... { 
....................   #if (defined(LCD_DATA4) && defined(LCD_DATA5) && defined(LCD_DATA6) && defined(LCD_DATA7)) 
....................    /* Write to the data port */ 
....................    output_bit(LCD_DATA4, bit_test(n, 0)); 
....................    output_bit(LCD_DATA5, bit_test(n, 1)); 
....................    output_bit(LCD_DATA6, bit_test(n, 2)); 
....................    output_bit(LCD_DATA7, bit_test(n, 3)); 
....................   #else       
....................    lcdlat.data = n; 
*
0028:  SWAPF  3E,W
0029:  ANDLW  F0
002A:  MOVWF  77
002B:  MOVLW  0F
002C:  ANDWF  08,W
002D:  IORWF  77,W
002E:  MOVWF  08
....................   #endif 
....................        
....................    delay_cycles(1); 
002F:  NOP
....................    lcd_output_enable(1); 
0030:  BSF    08.0
....................    delay_us(2); 
0031:  GOTO   032
....................    lcd_output_enable(0); 
0032:  BCF    08.0
0033:  RETURN
.................... } 
....................  
.................... void lcd_send_byte(unsigned int8 address, unsigned int8 n) 
.................... { 
....................   #if defined(__PCB__) 
....................    set_tris_lcd(LCD_OUTPUT_MAP); 
....................   #else 
....................    lcd_enable_tris(); 
*
003A:  BSF    03.5
003B:  BCF    08.0
....................    lcd_rs_tris(); 
003C:  BCF    08.1
....................    lcd_rw_tris(); 
003D:  BCF    08.2
....................   #endif 
....................  
....................    lcd_output_rs(0); 
003E:  BCF    03.5
003F:  BCF    08.1
....................    while ( bit_test(lcd_read_byte(),7) ) ; 
*
0061:  MOVF   78,W
0062:  MOVWF  3D
0063:  BTFSC  3D.7
0064:  GOTO   040
....................    lcd_output_rs(address); 
0065:  BTFSS  3B.0
0066:  BCF    08.1
0067:  BTFSC  3B.0
0068:  BSF    08.1
....................    delay_cycles(1); 
0069:  NOP
....................    lcd_output_rw(0); 
006A:  BCF    08.2
....................    delay_cycles(1); 
006B:  NOP
....................    lcd_output_enable(0); 
006C:  BCF    08.0
....................    lcd_send_nibble(n >> 4); 
006D:  SWAPF  3C,W
006E:  MOVWF  3D
006F:  MOVLW  0F
0070:  ANDWF  3D,F
0071:  MOVF   3D,W
0072:  MOVWF  3E
0073:  CALL   028
....................    lcd_send_nibble(n & 0xf); 
0074:  MOVF   3C,W
0075:  ANDLW  0F
0076:  MOVWF  3D
0077:  MOVWF  3E
0078:  CALL   028
0079:  RETURN
.................... } 
....................  
.................... #if defined(LCD_EXTENDED_NEWLINE) 
.................... unsigned int8 g_LcdX, g_LcdY; 
.................... #endif 
....................  
.................... void lcd_init(void)  
.................... { 
....................    unsigned int8 i; 
....................    unsigned int8 LCD_INIT_STRING[4] = {0x20 | (LCD_TYPE << 2), 0xc, 1, 6}; 
007A:  MOVLW  28
007B:  MOVWF  2A
007C:  MOVLW  0C
007D:  MOVWF  2B
007E:  MOVLW  01
007F:  MOVWF  2C
0080:  MOVLW  06
0081:  MOVWF  2D
....................                              // These bytes need to be sent to the LCD 
....................                              // to start it up. 
....................     
....................  
....................    lcd_output_enable(0); 
0082:  BCF    08.0
....................    lcd_output_rs(0); 
0083:  BCF    08.1
....................    lcd_output_rw(0); 
0084:  BCF    08.2
....................  
....................  #if defined(__PCB__) 
....................    set_tris_lcd(LCD_OUTPUT_MAP); 
....................  #else 
....................   #if (defined(LCD_DATA4) && defined(LCD_DATA5) && defined(LCD_DATA6) && defined(LCD_DATA7)) 
....................    output_drive(LCD_DATA4); 
....................    output_drive(LCD_DATA5); 
....................    output_drive(LCD_DATA6); 
....................    output_drive(LCD_DATA7); 
....................   #else 
....................    lcdtris.data = 0x0; 
0085:  MOVLW  0F
0086:  BSF    03.5
0087:  ANDWF  08,W
0088:  MOVWF  08
....................   #endif 
....................    lcd_enable_tris(); 
0089:  BCF    08.0
....................    lcd_rs_tris(); 
008A:  BCF    08.1
....................    lcd_rw_tris(); 
008B:  BCF    08.2
....................  #endif 
....................      
....................    delay_ms(15); 
008C:  MOVLW  0F
008D:  BCF    03.5
008E:  MOVWF  37
008F:  CALL   013
....................    for(i=1;i<=3;++i) 
0090:  MOVLW  01
0091:  MOVWF  29
0092:  MOVF   29,W
0093:  SUBLW  03
0094:  BTFSS  03.0
0095:  GOTO   09E
....................    { 
....................        lcd_send_nibble(3); 
0096:  MOVLW  03
0097:  MOVWF  3E
0098:  CALL   028
....................        delay_ms(5); 
0099:  MOVLW  05
009A:  MOVWF  37
009B:  CALL   013
009C:  INCF   29,F
009D:  GOTO   092
....................    } 
....................     
....................    lcd_send_nibble(2); 
009E:  MOVLW  02
009F:  MOVWF  3E
00A0:  CALL   028
....................    delay_ms(5); 
00A1:  MOVLW  05
00A2:  MOVWF  37
00A3:  CALL   013
....................    for(i=0;i<=3;++i) 
00A4:  CLRF   29
00A5:  MOVF   29,W
00A6:  SUBLW  03
00A7:  BTFSS  03.0
00A8:  GOTO   0B5
....................       lcd_send_byte(0,LCD_INIT_STRING[i]); 
00A9:  MOVLW  2A
00AA:  ADDWF  29,W
00AB:  MOVWF  04
00AC:  BCF    03.7
00AD:  MOVF   00,W
00AE:  MOVWF  2E
00AF:  CLRF   3B
00B0:  MOVF   2E,W
00B1:  MOVWF  3C
00B2:  CALL   03A
....................  
....................   #if defined(LCD_EXTENDED_NEWLINE) 
00B3:  INCF   29,F
00B4:  GOTO   0A5
00B5:  BCF    0A.3
00B6:  BCF    0A.4
00B7:  GOTO   428 (RETURN)
....................    g_LcdX = 0; 
....................    g_LcdY = 0; 
....................   #endif 
.................... } 
....................  
.................... void lcd_gotoxy(unsigned int8 x, unsigned int8 y) 
.................... { 
....................    unsigned int8 address; 
....................     
....................    if(y!=1) 
*
01A1:  DECFSZ 38,W
01A2:  GOTO   1A4
01A3:  GOTO   1A7
....................       address=LCD_LINE_TWO; 
01A4:  MOVLW  40
01A5:  MOVWF  39
01A6:  GOTO   1A8
....................    else 
....................       address=0; 
01A7:  CLRF   39
....................       
....................    address+=x-1; 
01A8:  MOVLW  01
01A9:  SUBWF  37,W
01AA:  ADDWF  39,F
....................    lcd_send_byte(0,0x80|address); 
01AB:  MOVF   39,W
01AC:  IORLW  80
01AD:  MOVWF  3A
01AE:  CLRF   3B
01AF:  MOVF   3A,W
01B0:  MOVWF  3C
01B1:  CALL   03A
....................  
....................   #if defined(LCD_EXTENDED_NEWLINE) 
01B2:  RETURN
....................    g_LcdX = x - 1; 
....................    g_LcdY = y - 1; 
....................   #endif 
.................... } 
....................  
.................... void lcd_putc(char c) 
.................... { 
....................    switch (c) 
*
01F4:  MOVF   36,W
01F5:  XORLW  07
01F6:  BTFSC  03.2
01F7:  GOTO   202
01F8:  XORLW  0B
01F9:  BTFSC  03.2
01FA:  GOTO   207
01FB:  XORLW  06
01FC:  BTFSC  03.2
01FD:  GOTO   20F
01FE:  XORLW  02
01FF:  BTFSC  03.2
0200:  GOTO   215
0201:  GOTO   21A
....................    { 
....................       case '\a'   :  lcd_gotoxy(1,1);     break; 
0202:  MOVLW  01
0203:  MOVWF  37
0204:  MOVWF  38
0205:  CALL   1A1
0206:  GOTO   21F
....................  
....................       case '\f'   :  lcd_send_byte(0,1); 
0207:  CLRF   3B
0208:  MOVLW  01
0209:  MOVWF  3C
020A:  CALL   03A
....................                      delay_ms(2); 
020B:  MOVLW  02
020C:  MOVWF  37
020D:  CALL   013
....................                     #if defined(LCD_EXTENDED_NEWLINE) 
....................                      g_LcdX = 0; 
....................                      g_LcdY = 0; 
....................                     #endif 
....................                      break; 
020E:  GOTO   21F
....................  
....................      #if defined(LCD_EXTENDED_NEWLINE) 
....................       case '\r'   :  lcd_gotoxy(1, g_LcdY+1);   break; 
....................       case '\n'   : 
....................          while (g_LcdX++ < LCD_LINE_LENGTH) 
....................          { 
....................             lcd_send_byte(1, ' '); 
....................          } 
....................          lcd_gotoxy(1, g_LcdY+2); 
....................          break; 
....................      #else 
....................       case '\n'   : lcd_gotoxy(1,2);        break; 
020F:  MOVLW  01
0210:  MOVWF  37
0211:  MOVLW  02
0212:  MOVWF  38
0213:  CALL   1A1
0214:  GOTO   21F
....................      #endif 
....................       
....................       case '\b'   : lcd_send_byte(0,0x10);  break; 
0215:  CLRF   3B
0216:  MOVLW  10
0217:  MOVWF  3C
0218:  CALL   03A
0219:  GOTO   21F
....................       
....................      #if defined(LCD_EXTENDED_NEWLINE) 
....................       default     :  
....................          if (g_LcdX < LCD_LINE_LENGTH) 
....................          { 
....................             lcd_send_byte(1, c); 
....................             g_LcdX++; 
....................          } 
....................          break; 
....................      #else 
....................       default     : lcd_send_byte(1,c);     break; 
021A:  MOVLW  01
021B:  MOVWF  3B
021C:  MOVF   36,W
021D:  MOVWF  3C
021E:  CALL   03A
....................      #endif 
....................    } 
021F:  RETURN
.................... } 
....................   
.................... char lcd_getc(unsigned int8 x, unsigned int8 y) 
.................... { 
....................    char value; 
....................  
....................    lcd_gotoxy(x,y); 
....................    while ( bit_test(lcd_read_byte(),7) ); // wait until busy flag is low 
....................    lcd_output_rs(1); 
....................    value = lcd_read_byte(); 
....................    lcd_output_rs(0); 
....................     
....................    return(value); 
.................... } 
....................  
.................... // write a custom character to the ram 
.................... // which is 0-7 and specifies which character array we are modifying. 
.................... // ptr points to an array of 8 bytes, where each byte is the next row of 
.................... //    pixels.  only bits 0-4 are used.  the last row is the cursor row, and 
.................... //    usually you will want to leave this byte 0x00. 
.................... void lcd_set_cgram_char(unsigned int8 which, unsigned int8 *ptr) 
.................... { 
....................    unsigned int i; 
....................  
....................    which <<= 3; 
....................    which &= 0x38; 
....................  
....................    lcd_send_byte(0, 0x40 | which);  //set cgram address 
....................  
....................    for(i=0; i<8; i++) 
....................    { 
....................       lcd_send_byte(1, *ptr++); 
....................    } 
....................    
....................    #if defined(LCD_EXTENDED_NEWLINE) 
....................     lcd_gotoxy(g_LcdX+1, g_LcdY+1);  //set ddram address 
....................    #endif 
.................... } 
....................  
.................... void lcd_cursor_on(int1 on) 
.................... { 
....................    if (on) 
....................    { 
....................       lcd_send_byte(0,0x0F);           //turn LCD cursor ON 
....................    } 
....................    else 
....................    { 
....................       lcd_send_byte(0,0x0C);           //turn LCD cursor OFF 
....................    } 
.................... } 
....................  
.................... #endif 
....................  
.................... #define use_portb_lcd TRUE 
.................... #use fast_io(b) 
.................... float mesafe,zaman; 
.................... #define trig pin_c0 
.................... #define echo pin_c1 
....................  
.................... void main()     
*
0419:  MOVF   03,W
041A:  ANDLW  1F
041B:  MOVWF  03
041C:  MOVLW  FF
041D:  MOVWF  28
041E:  BSF    03.5
041F:  BSF    1F.0
0420:  BSF    1F.1
0421:  BSF    1F.2
0422:  BCF    1F.3
0423:  MOVLW  07
0424:  MOVWF  1C
0425:  BCF    03.7
.................... { 
.................... lcd_init(); 
0426:  BCF    03.5
0427:  GOTO   07A
....................  
.................... setup_timer_1(T1_INTERNAL | T1_DIV_BY_1);  //Timerý çaðýrdýk 
0428:  MOVLW  85
0429:  MOVWF  10
....................  
....................  
....................    while(TRUE) 
....................    { 
....................       set_tris_b(0b00000000); 
042A:  MOVLW  00
042B:  BSF    03.5
042C:  MOVWF  06
....................       output_b(0b00000010); 
042D:  MOVLW  02
042E:  BCF    03.5
042F:  MOVWF  06
....................       output_high(trig);//bu mesafeyi ölçmek için trig pinine sinyal çýkýþý olur 5v luk sinyal verdik 
0430:  BCF    28.0
0431:  MOVF   28,W
0432:  BSF    03.5
0433:  MOVWF  07
0434:  BCF    03.5
0435:  BSF    07.0
....................       delay_us(10); //mikrosaniye olarak belirledik  
0436:  MOVLW  02
0437:  MOVWF  77
0438:  DECFSZ 77,F
0439:  GOTO   438
043A:  GOTO   43B
043B:  NOP
....................       output_low(trig); //5v geri çektik 
043C:  BCF    28.0
043D:  MOVF   28,W
043E:  BSF    03.5
043F:  MOVWF  07
0440:  BCF    03.5
0441:  BCF    07.0
....................        
....................       while(!input(echo)) //echo pin 'i bir hareketlilik olmasýn, echo çalýþmadan önce while çalýþsýn 
0442:  BSF    28.1
0443:  MOVF   28,W
0444:  BSF    03.5
0445:  MOVWF  07
0446:  BCF    03.5
0447:  BTFSS  07.1
....................       //ve echoya sinyal gelmeden önce timer ile zamaný hesaplayacaðýz 
....................       {} 
0448:  GOTO   442
....................       set_timer1(0); 
0449:  CLRF   0E
044A:  CLRF   0F
044B:  CLRF   0E
....................        
....................       while(input(echo)) //echo pininden sinyal gelene kadar bekle 
044C:  BSF    28.1
044D:  MOVF   28,W
044E:  BSF    03.5
044F:  MOVWF  07
0450:  BCF    03.5
0451:  BTFSC  07.1
....................       {} 
0452:  GOTO   44C
....................       zaman=get_timer1();  
0453:  MOVF   0F,W
0454:  MOVWF  7A
0455:  MOVF   0E,W
0456:  MOVWF  77
0457:  MOVF   0F,W
0458:  SUBWF  7A,W
0459:  BTFSS  03.2
045A:  GOTO   453
045B:  MOVF   77,W
045C:  MOVWF  29
045D:  MOVF   7A,W
045E:  MOVWF  2A
045F:  GOTO   0B8
0460:  MOVF   7A,W
0461:  MOVWF  27
0462:  MOVF   79,W
0463:  MOVWF  26
0464:  MOVF   78,W
0465:  MOVWF  25
0466:  MOVF   77,W
0467:  MOVWF  24
....................       mesafe =(zaman/2)/(29.15);  //gidiþ geliþ old için 2 ,29.15 us/cm ses hýzý 
0468:  MOVF   27,W
0469:  MOVWF  30
046A:  MOVF   26,W
046B:  MOVWF  2F
046C:  MOVF   25,W
046D:  MOVWF  2E
046E:  MOVF   24,W
046F:  MOVWF  2D
0470:  CLRF   34
0471:  CLRF   33
0472:  CLRF   32
0473:  MOVLW  80
0474:  MOVWF  31
0475:  CALL   0D7
0476:  MOVF   7A,W
0477:  MOVWF  2C
0478:  MOVF   79,W
0479:  MOVWF  2B
047A:  MOVF   78,W
047B:  MOVWF  2A
047C:  MOVF   77,W
047D:  MOVWF  29
047E:  MOVF   7A,W
047F:  MOVWF  30
0480:  MOVF   79,W
0481:  MOVWF  2F
0482:  MOVF   78,W
0483:  MOVWF  2E
0484:  MOVF   77,W
0485:  MOVWF  2D
0486:  MOVLW  33
0487:  MOVWF  34
0488:  MOVWF  33
0489:  MOVLW  69
048A:  MOVWF  32
048B:  MOVLW  83
048C:  MOVWF  31
048D:  CALL   0D7
048E:  MOVF   7A,W
048F:  MOVWF  23
0490:  MOVF   79,W
0491:  MOVWF  22
0492:  MOVF   78,W
0493:  MOVWF  21
0494:  MOVF   77,W
0495:  MOVWF  20
....................        
....................       lcd_gotoxy(1,1);   //lcd ekran 16sütun 2 satýrdan oluþuyor, 1.satýr ve 1.sütununa git 
0496:  MOVLW  01
0497:  MOVWF  37
0498:  MOVWF  38
0499:  CALL   1A1
....................        
....................       if(mesafe<200) 
049A:  MOVF   23,W
049B:  MOVWF  2C
049C:  MOVF   22,W
049D:  MOVWF  2B
049E:  MOVF   21,W
049F:  MOVWF  2A
04A0:  MOVF   20,W
04A1:  MOVWF  29
04A2:  CLRF   30
04A3:  CLRF   2F
04A4:  MOVLW  48
04A5:  MOVWF  2E
04A6:  MOVLW  86
04A7:  MOVWF  2D
04A8:  GOTO   1B3
04A9:  BTFSS  03.0
04AA:  GOTO   4DE
....................       { 
....................       set_tris_b(0b00000000); 
04AB:  MOVLW  00
04AC:  BSF    03.5
04AD:  MOVWF  06
....................       output_b(0b00000001); 
04AE:  MOVLW  01
04AF:  BCF    03.5
04B0:  MOVWF  06
....................       delay_ms(200); 
04B1:  MOVLW  C8
04B2:  MOVWF  37
04B3:  CALL   013
....................       output_b(0b00000010); //bunu deseydim R1 den akým gidecektir 
04B4:  MOVLW  02
04B5:  MOVWF  06
....................       delay_ms(200); 
04B6:  MOVLW  C8
04B7:  MOVWF  37
04B8:  CALL   013
....................       printf(lcd_putc,"\fDikkat! =%fcm", mesafe); 
04B9:  MOVLW  04
04BA:  BSF    03.6
04BB:  MOVWF  0D
04BC:  MOVLW  00
04BD:  MOVWF  0F
04BE:  BCF    03.0
04BF:  MOVLW  0A
04C0:  BCF    03.6
04C1:  MOVWF  29
04C2:  CALL   220
04C3:  MOVLW  89
04C4:  MOVWF  04
04C5:  MOVF   23,W
04C6:  MOVWF  2C
04C7:  MOVF   22,W
04C8:  MOVWF  2B
04C9:  MOVF   21,W
04CA:  MOVWF  2A
04CB:  MOVF   20,W
04CC:  MOVWF  29
04CD:  MOVLW  02
04CE:  MOVWF  2D
04CF:  CALL   2C6
04D0:  MOVLW  63
04D1:  MOVWF  36
04D2:  CALL   1F4
04D3:  MOVLW  6D
04D4:  MOVWF  36
04D5:  CALL   1F4
....................       delay_ms(500); // bekleme süresi koyuyoruz ki hemen kaybolmasýn gözümüz görsün 
04D6:  MOVLW  02
04D7:  MOVWF  29
04D8:  MOVLW  FA
04D9:  MOVWF  37
04DA:  CALL   013
04DB:  DECFSZ 29,F
04DC:  GOTO   4D8
....................       } 
04DD:  GOTO   502
....................       else 
....................       { 
....................       printf(lcd_putc,"\f mesafe=%fcm", mesafe); 
04DE:  MOVLW  0C
04DF:  BSF    03.6
04E0:  MOVWF  0D
04E1:  MOVLW  00
04E2:  MOVWF  0F
04E3:  BCF    03.0
04E4:  MOVLW  09
04E5:  BCF    03.6
04E6:  MOVWF  29
04E7:  CALL   220
04E8:  MOVLW  89
04E9:  MOVWF  04
04EA:  MOVF   23,W
04EB:  MOVWF  2C
04EC:  MOVF   22,W
04ED:  MOVWF  2B
04EE:  MOVF   21,W
04EF:  MOVWF  2A
04F0:  MOVF   20,W
04F1:  MOVWF  29
04F2:  MOVLW  02
04F3:  MOVWF  2D
04F4:  CALL   2C6
04F5:  MOVLW  63
04F6:  MOVWF  36
04F7:  CALL   1F4
04F8:  MOVLW  6D
04F9:  MOVWF  36
04FA:  CALL   1F4
....................       delay_ms(500); // bekleme süresi koyuyoruz ki hemen kaybolmasýn gözümüz görsün 
04FB:  MOVLW  02
04FC:  MOVWF  29
04FD:  MOVLW  FA
04FE:  MOVWF  37
04FF:  CALL   013
0500:  DECFSZ 29,F
0501:  GOTO   4FD
....................       }   
0502:  GOTO   42A
....................    } 
.................... } 
0503:  SLEEP

Configuration Fuses:
   Word  1: 3F31   XT NOWDT PUT NOBROWNOUT NOLVP NOCPD NOWRT NODEBUG NOPROTECT
