
ROM used:   1284/8192 (16%)
            1284/8192 (16%) including unused fragments

            1.1 Average locations per line
            11.4 Average locations per statement

RAM used:   18/368 (5%) at main() level
            40/368 (11%) worst case

Stack used: 5 worst case (5 in main + 0 for interrupts)
Stack size: 8

Lines Stmts  %   Files
----- ----- ---  -----
   55    29  26  16f877a_ders_11.c
   10     0   0  16f877a_ders_11.h
  671     0   0  ..\..\..\..\..\Program Files (x86)\PICC\Devices\16F877A.h
  456    84  74  ..\..\..\..\..\Program Files (x86)\PICC\Drivers\lcd.c
----- -----
 1192   113 Total

Page ROM  %  RAM   Vol Diff  Functions:
---- --- --- ---   --- ----  ----------
0     21   2    1             @delay_ms2
 Inline         3   596  5.9  lcd_read_byte
0      6   0    0    59  4.2  lcd_read_nibble
0     12   1    1   179  3.3  lcd_send_nibble
0     64   5    3   460  4.7  lcd_send_byte
0     62   5    6   814  7.2  lcd_init
0     18   1    4   208  6.3  lcd_gotoxy
0     44   3    1   354  4.7  lcd_putc
0    235  18    4   766  5.6  MAIN
0     31   2    2             @ITOF
0    202  16   14             @DIVFF
0     65   5   10             @FLT
0      8   1    0             @const677
0     87   7    5             @PSTRINGCN7_651
 Inline        13             @MULFF
 Inline         5             @FTOSD
0     79   6   13             @DIV3232
0    339  26   13             @PRINTF_L32D_651FPFPF
0      7   1    0             @const691
 Inline         0             @cinit1

Program metrics:
    Functions               8
    Statements              113
    Comments                231
    Volume (V)              5173
    Difficulty (D)          39.1
    Effort to implement (E) 202157
    Time to implement (T)   3 hours, 7 minutes
    Est Delivered Bugs (B)  1
    Cyclomatic Complexity   9
    Maintainability (MI)    139

 Segment     Used  Free
-----------  ----  ----
00000-00003     4  0  
00004-007FF  1280  764  
00800-00FFF     0  2048  
01000-017FF     0  2048  
01800-01FFF     0  2048  



